#
# There is insufficient memory for the Java Runtime Environment to continue.
# Native memory allocation (mmap) failed to map 65536 bytes for Failed to commit metaspace.
# Possible reasons:
#   The system is out of physical RAM or swap space
#   The process is running with CompressedOops enabled, and the Java Heap may be blocking the growth of the native heap
# Possible solutions:
#   Reduce memory load on the system
#   Increase physical memory or swap space
#   Check if swap backing store is full
#   Decrease Java heap size (-Xmx/-Xms)
#   Decrease number of Java threads
#   Decrease Java thread stack sizes (-Xss)
#   Set larger code cache with -XX:ReservedCodeCacheSize=
#   JVM is running with Zero Based Compressed Oops mode in which the Java heap is
#     placed in the first 32GB address space. The Java Heap base address is the
#     maximum limit for the native heap growth. Please use -XX:HeapBaseMinAddress
#     to set the Java Heap base and to place the Java Heap above 32GB virtual address.
# This output file may be truncated or incomplete.
#
#  Out of Memory Error (virtualSpaceNode.cpp:110), pid=39600, tid=40140
#
# JRE version: Java(TM) SE Runtime Environment (17.0.2+8) (build 17.0.2+8-LTS-86)
# Java VM: Java HotSpot(TM) 64-Bit Server VM (17.0.2+8-LTS-86, mixed mode, sharing, tiered, compressed oops, compressed class ptrs, g1 gc, windows-amd64)
# No core dump will be written. Minidumps are not enabled by default on client versions of Windows
#

---------------  S U M M A R Y ------------

Command Line: -ea -Didea.test.cyclic.buffer.size=1048576 -javaagent:C:\Program Files\JetBrains\IntelliJ IDEA Community Edition 2021.3.2\lib\idea_rt.jar=57243:C:\Program Files\JetBrains\IntelliJ IDEA Community Edition 2021.3.2\bin -Dfile.encoding=UTF-8 com.intellij.rt.junit.JUnitStarter -ideVersion5 -junit5 com.alf.webshop.webshop.controller.CartControllerTest,deleteItemFromCartTest

Host: AMD Ryzen 5 2600 Six-Core Processor            , 12 cores, 19G,  Windows 11 , 64 bit Build 22000 (10.0.22000.613)
Time: Thu Apr 28 10:31:43 2022 Közép-európai nyári iduild 22000 (10.0.22000.613) elapsed time: 0.224054 seconds (0d 0h 0m 0s)

---------------  T H R E A D  ---------------

Current thread (0x00000194046433b0):  JavaThread "main" [_thread_in_vm, id=40140, stack(0x00000084dc500000,0x00000084dc600000)]

Stack: [0x00000084dc500000,0x00000084dc600000]
Native frames: (J=compiled Java code, j=interpreted, Vv=VM code, C=native code)
V  [jvm.dll+0x670baa]
V  [jvm.dll+0x7cfcb4]
V  [jvm.dll+0x7d145e]
V  [jvm.dll+0x7d1ac3]
V  [jvm.dll+0x242bc5]
V  [jvm.dll+0x7cbc5b]
V  [jvm.dll+0x616966]
V  [jvm.dll+0x1be3ee]
V  [jvm.dll+0x6192a1]
V  [jvm.dll+0x617306]
V  [jvm.dll+0x24068c]
V  [jvm.dll+0x6c706d]
V  [jvm.dll+0x6c7a9f]
V  [jvm.dll+0x36c4c3]
V  [jvm.dll+0x74af9f]
V  [jvm.dll+0x74ae0a]
V  [jvm.dll+0x409364]
V  [jvm.dll+0x41caeb]
C  [java.dll+0x1657]

Java frames: (J=compiled Java code, j=interpreted, Vv=VM code)
j  java.lang.ClassLoader.defineClass0(Ljava/lang/ClassLoader;Ljava/lang/Class;Ljava/lang/String;[BIILjava/security/ProtectionDomain;ZILjava/lang/Object;)Ljava/lang/Class;+0 java.base@17.0.2
j  java.lang.System$2.defineClass(Ljava/lang/ClassLoader;Ljava/lang/Class;Ljava/lang/String;[BLjava/security/ProtectionDomain;ZILjava/lang/Object;)Ljava/lang/Class;+17 java.base@17.0.2
j  java.lang.invoke.MethodHandles$Lookup$ClassDefiner.defineClass(ZLjava/lang/Object;)Ljava/lang/Class;+54 java.base@17.0.2
j  java.lang.invoke.InvokerBytecodeGenerator.loadMethod([B)Ljava/lang/invoke/MemberName;+16 java.base@17.0.2
j  java.lang.invoke.InvokerBytecodeGenerator.generateCustomizedCode(Ljava/lang/invoke/LambdaForm;Ljava/lang/invoke/MethodType;)Ljava/lang/invoke/MemberName;+30 java.base@17.0.2
j  java.lang.invoke.LambdaForm.compileToBytecode()V+69 java.base@17.0.2
j  java.lang.invoke.LambdaForm.prepare()V+21 java.base@17.0.2
j  java.lang.invoke.MethodHandle.<init>(Ljava/lang/invoke/MethodType;Ljava/lang/invoke/LambdaForm;)V+33 java.base@17.0.2
j  java.lang.invoke.BoundMethodHandle.<init>(Ljava/lang/invoke/MethodType;Ljava/lang/invoke/LambdaForm;)V+3 java.base@17.0.2
j  java.lang.invoke.BoundMethodHandle$Species_LL.<init>(Ljava/lang/invoke/MethodType;Ljava/lang/invoke/LambdaForm;Ljava/lang/Object;Ljava/lang/Object;)V+3 java.base@17.0.2
j  java.lang.invoke.BoundMethodHandle$Species_LL.make(Ljava/lang/invoke/MethodType;Ljava/lang/invoke/LambdaForm;Ljava/lang/Object;Ljava/lang/Object;)Ljava/lang/invoke/BoundMethodHandle;+8 java.base@17.0.2
j  java.lang.invoke.DirectMethodHandle$Holder.invokeStatic(Ljava/lang/Object;Ljava/lang/Object;Ljava/lang/Object;Ljava/lang/Object;Ljava/lang/Object;)Ljava/lang/Object;+16 java.base@17.0.2
j  java.lang.invoke.BoundMethodHandle$Species_L.copyWithExtendL(Ljava/lang/invoke/MethodType;Ljava/lang/invoke/LambdaForm;Ljava/lang/Object;)Ljava/lang/invoke/BoundMethodHandle;+19 java.base@17.0.2
j  java.lang.invoke.LambdaFormEditor.bindArgumentL(Ljava/lang/invoke/BoundMethodHandle;ILjava/lang/Object;)Ljava/lang/invoke/BoundMethodHandle;+55 java.base@17.0.2
j  java.lang.invoke.BoundMethodHandle.bindArgumentL(ILjava/lang/Object;)Ljava/lang/invoke/BoundMethodHandle;+7 java.base@17.0.2
j  java.lang.invoke.MethodHandles.insertArguments(Ljava/lang/invoke/MethodHandle;I[Ljava/lang/Object;)Ljava/lang/invoke/MethodHandle;+84 java.base@17.0.2
j  java.lang.invoke.StringConcatFactory.generateMHInlineCopy(Ljava/lang/invoke/MethodType;Ljava/util/List;)Ljava/lang/invoke/MethodHandle;+195 java.base@17.0.2
j  java.lang.invoke.StringConcatFactory.makeConcatWithConstants(Ljava/lang/invoke/MethodHandles$Lookup;Ljava/lang/String;Ljava/lang/invoke/MethodType;Ljava/lang/String;[Ljava/lang/Object;)Ljava/lang/invoke/CallSite;+220 java.base@17.0.2
j  java.lang.invoke.DirectMethodHandle$Holder.invokeStatic(Ljava/lang/Object;Ljava/lang/Object;Ljava/lang/Object;Ljava/lang/Object;Ljava/lang/Object;Ljava/lang/Object;)Ljava/lang/Object;+18 java.base@17.0.2
j  java.lang.invoke.DelegatingMethodHandle$Holder.delegate(Ljava/lang/Object;Ljava/lang/Object;Ljava/lang/Object;Ljava/lang/Object;Ljava/lang/Object;Ljava/lang/Object;)Ljava/lang/Object;+21 java.base@17.0.2
j  java.lang.invoke.Invokers$Holder.invokeExact_MT(Ljava/lang/Object;Ljava/lang/Object;Ljava/lang/Object;Ljava/lang/Object;Ljava/lang/Object;Ljava/lang/Object;Ljava/lang/Object;)Ljava/lang/Object;+26 java.base@17.0.2
j  java.lang.invoke.BootstrapMethodInvoker.invoke(Ljava/lang/Class;Ljava/lang/invoke/MethodHandle;Ljava/lang/String;Ljava/lang/Object;Ljava/lang/Object;Ljava/lang/Class;)Ljava/lang/Object;+157 java.base@17.0.2
j  java.lang.invoke.CallSite.makeSite(Ljava/lang/invoke/MethodHandle;Ljava/lang/String;Ljava/lang/invoke/MethodType;Ljava/lang/Object;Ljava/lang/Class;)Ljava/lang/invoke/CallSite;+8 java.base@17.0.2
j  java.lang.invoke.MethodHandleNatives.linkCallSiteImpl(Ljava/lang/Class;Ljava/lang/invoke/MethodHandle;Ljava/lang/String;Ljava/lang/invoke/MethodType;Ljava/lang/Object;[Ljava/lang/Object;)Ljava/lang/invoke/MemberName;+6 java.base@17.0.2
j  java.lang.invoke.MethodHandleNatives.linkCallSite(Ljava/lang/Object;ILjava/lang/Object;Ljava/lang/Object;Ljava/lang/Object;Ljava/lang/Object;[Ljava/lang/Object;)Ljava/lang/invoke/MemberName;+46 java.base@17.0.2
v  ~StubRoutines::call_stub
j  java.util.logging.LogManager$LoggerContext.addLocalLogger(Ljava/util/logging/Logger;Z)Z+95 java.logging@17.0.2
j  java.util.logging.LogManager$LoggerContext.ensureDefaultLogger(Ljava/util/logging/Logger;)V+66 java.logging@17.0.2
j  java.util.logging.LogManager$LoggerContext.ensureInitialized()V+12 java.logging@17.0.2
j  java.util.logging.LogManager$LoggerContext.getLoggerNames()Ljava/util/Enumeration;+1 java.logging@17.0.2
j  java.util.logging.LogManager.resetLoggerContext(Ljava/util/logging/LogManager$LoggerContext;)V+1 java.logging@17.0.2
j  java.util.logging.LogManager.reset()V+93 java.logging@17.0.2
j  java.util.logging.LogManager.readConfiguration(Ljava/io/InputStream;)V+33 java.logging@17.0.2
j  java.util.logging.LogManager.readConfiguration()V+100 java.logging@17.0.2
j  java.util.logging.LogManager.readPrimordialConfiguration()V+20 java.logging@17.0.2
j  java.util.logging.LogManager$2.run()Ljava/lang/Object;+87 java.logging@17.0.2
j  java.security.AccessController.executePrivileged(Ljava/security/PrivilegedAction;Ljava/security/AccessControlContext;Ljava/lang/Class;)Ljava/lang/Object;+29 java.base@17.0.2
j  java.security.AccessController.doPrivileged(Ljava/security/PrivilegedAction;)Ljava/lang/Object;+5 java.base@17.0.2
j  java.util.logging.LogManager.ensureLogManagerInitialized()V+101 java.logging@17.0.2
j  java.util.logging.LogManager.getLogManager()Ljava/util/logging/LogManager;+9 java.logging@17.0.2
j  java.util.logging.Logger.demandLogger(Ljava/lang/String;Ljava/lang/String;Ljava/lang/Class;)Ljava/util/logging/Logger;+0 java.logging@17.0.2
j  java.util.logging.Logger.getLogger(Ljava/lang/String;Ljava/lang/Class;)Ljava/util/logging/Logger;+3 java.logging@17.0.2
j  java.util.logging.Logger.getLogger(Ljava/lang/String;)Ljava/util/logging/Logger;+4 java.logging@17.0.2
j  org.junit.platform.commons.logging.LoggerFactory$DelegatingLogger.<init>(Ljava/lang/String;)V+14
j  org.junit.platform.commons.logging.LoggerFactory.getLogger(Ljava/lang/Class;)Lorg/junit/platform/commons/logging/Logger;+22
j  org.junit.platform.launcher.core.ServiceLoaderRegistry.<clinit>()V+2
v  ~StubRoutines::call_stub
j  org.junit.platform.launcher.core.LauncherFactory.<clinit>()V+0
v  ~StubRoutines::call_stub
j  com.intellij.junit5.JUnit5IdeaTestRunner.createListeners(Ljava/util/ArrayList;I)V+42
j  com.intellij.rt.junit.IdeaTestRunner$Repeater.startRunnerWithArgs(Lcom/intellij/rt/junit/IdeaTestRunner;[Ljava/lang/String;Ljava/util/ArrayList;Ljava/lang/String;IZ)I+4
j  com.intellij.rt.junit.JUnitStarter.prepareStreamsAndStart([Ljava/lang/String;Ljava/lang/String;Ljava/util/ArrayList;Ljava/lang/String;)I+116
j  com.intellij.rt.junit.JUnitStarter.main([Ljava/lang/String;)V+97
v  ~StubRoutines::call_stub

---------------  P R O C E S S  ---------------

Threads class SMR info:
_java_thread_list=0x000001942c9ef720, length=14, elements={
0x00000194046433b0, 0x000001942bd25e10, 0x000001942bd26a80, 0x000001942bd3ce50,
0x000001942bd3d800, 0x000001942bd3e1b0, 0x000001942bd3fb70, 0x000001942bd41110,
0x000001942bd50030, 0x000001942bd7a120, 0x000001942bd0fb30, 0x000001942ca35400,
0x000001942ca358d0, 0x000001942cae5300
}

Java Threads: ( => current thread )
=>0x00000194046433b0 JavaThread "main" [_thread_in_vm, id=40140, stack(0x00000084dc500000,0x00000084dc600000)]
  0x000001942bd25e10 JavaThread "Reference Handler" daemon [_thread_blocked, id=42416, stack(0x00000084dcc00000,0x00000084dcd00000)]
  0x000001942bd26a80 JavaThread "Finalizer" daemon [_thread_blocked, id=33636, stack(0x00000084dcd00000,0x00000084dce00000)]
  0x000001942bd3ce50 JavaThread "Signal Dispatcher" daemon [_thread_blocked, id=23852, stack(0x00000084dce00000,0x00000084dcf00000)]
  0x000001942bd3d800 JavaThread "Attach Listener" daemon [_thread_blocked, id=30336, stack(0x00000084dcf00000,0x00000084dd000000)]
  0x000001942bd3e1b0 JavaThread "Service Thread" daemon [_thread_blocked, id=34992, stack(0x00000084dd000000,0x00000084dd100000)]
  0x000001942bd3fb70 JavaThread "Monitor Deflation Thread" daemon [_thread_blocked, id=30392, stack(0x00000084dd100000,0x00000084dd200000)]
  0x000001942bd41110 JavaThread "C2 CompilerThread0" daemon [_thread_blocked, id=2792, stack(0x00000084dd200000,0x00000084dd300000)]
  0x000001942bd50030 JavaThread "C1 CompilerThread0" daemon [_thread_blocked, id=34144, stack(0x00000084dd300000,0x00000084dd400000)]
  0x000001942bd7a120 JavaThread "Sweeper thread" daemon [_thread_blocked, id=26652, stack(0x00000084dd400000,0x00000084dd500000)]
  0x000001942bd0fb30 JavaThread "Common-Cleaner" daemon [_thread_blocked, id=42060, stack(0x00000084dd500000,0x00000084dd600000)]
  0x000001942ca35400 JavaThread "Monitor Ctrl-Break" daemon [_thread_in_native, id=19420, stack(0x00000084dd600000,0x00000084dd700000)]
  0x000001942ca358d0 JavaThread "Notification Thread" daemon [_thread_blocked, id=22996, stack(0x00000084dd700000,0x00000084dd800000)]
  0x000001942cae5300 JavaThread "C2 CompilerThread1" daemon [_thread_blocked, id=25220, stack(0x00000084dd900000,0x00000084dda00000)]

Other Threads:
  0x000001942bd20310 VMThread "VM Thread" [stack: 0x00000084dcb00000,0x00000084dcc00000] [id=20308]
  0x000001942c9f0ec0 WatcherThread [stack: 0x00000084dd800000,0x00000084dd900000] [id=29468]
  0x00000194046977b0 GCTaskThread "GC Thread#0" [stack: 0x00000084dc600000,0x00000084dc700000] [id=34232]
  0x00000194046a2570 ConcurrentGCThread "G1 Main Marker" [stack: 0x00000084dc700000,0x00000084dc800000] [id=28160]
  0x00000194046a3620 ConcurrentGCThread "G1 Conc#0" [stack: 0x00000084dc800000,0x00000084dc900000] [id=1688]
  0x000001940470e320 ConcurrentGCThread "G1 Refine#0" [stack: 0x00000084dc900000,0x00000084dca00000] [id=14000]
  0x000001940470ec40 ConcurrentGCThread "G1 Service" [stack: 0x00000084dca00000,0x00000084dcb00000] [id=27640]

Threads with active compile tasks:

VM state: not at safepoint (normal execution)

VM Mutex/Monitor currently owned by a thread:  ([mutex/lock_event])
[0x000001940463d420] Metaspace_lock - owner thread: 0x00000194046433b0

Heap address: 0x00000006c1000000, size: 5104 MB, Compressed Oops mode: Zero based, Oop shift amount: 3

CDS archive(s) mapped at: [0x0000000800000000-0x0000000800bc0000-0x0000000800bc0000), size 12320768, SharedBaseAddress: 0x0000000800000000, ArchiveRelocationMode: 0.
Compressed class space mapped at: 0x0000000800c00000-0x0000000840c00000, reserved size: 1073741824
Narrow klass base: 0x0000000800000000, Narrow klass shift: 0, Narrow klass range: 0x100000000

GC Precious Log:
 CPUs: 12 total, 12 available
 Memory: 20412M
 Large Page Support: Disabled
 NUMA Support: Disabled
 Compressed Oops: Enabled (Zero based)
 Heap Region Size: 4M
 Heap Min Capacity: 8M
 Heap Initial Capacity: 320M
 Heap Max Capacity: 5104M
 Pre-touch: Disabled
 Parallel Workers: 10
 Concurrent Workers: 3
 Concurrent Refinement Workers: 10
 Periodic GC: Disabled

Heap:
 garbage-first heap   total 327680K, used 4096K [0x00000006c1000000, 0x0000000800000000)
  region size 4096K, 2 young (8192K), 0 survivors (0K)
 Metaspace       used 1381K, committed 1472K, reserved 1056768K
  class space    used 115K, committed 192K, reserved 1048576K

Heap Regions: E=young(eden), S=young(survivor), O=old, HS=humongous(starts), HC=humongous(continues), CS=collection set, F=free, OA=open archive, CA=closed archive, TAMS=top-at-mark-start (previous, next)
|   0|0x00000006c1000000, 0x00000006c1000000, 0x00000006c1400000|  0%| F|  |TAMS 0x00000006c1000000, 0x00000006c1000000| Untracked 
|   1|0x00000006c1400000, 0x00000006c1400000, 0x00000006c1800000|  0%| F|  |TAMS 0x00000006c1400000, 0x00000006c1400000| Untracked 
|   2|0x00000006c1800000, 0x00000006c1800000, 0x00000006c1c00000|  0%| F|  |TAMS 0x00000006c1800000, 0x00000006c1800000| Untracked 
|   3|0x00000006c1c00000, 0x00000006c1c00000, 0x00000006c2000000|  0%| F|  |TAMS 0x00000006c1c00000, 0x00000006c1c00000| Untracked 
|   4|0x00000006c2000000, 0x00000006c2000000, 0x00000006c2400000|  0%| F|  |TAMS 0x00000006c2000000, 0x00000006c2000000| Untracked 
|   5|0x00000006c2400000, 0x00000006c2400000, 0x00000006c2800000|  0%| F|  |TAMS 0x00000006c2400000, 0x00000006c2400000| Untracked 
|   6|0x00000006c2800000, 0x00000006c2800000, 0x00000006c2c00000|  0%| F|  |TAMS 0x00000006c2800000, 0x00000006c2800000| Untracked 
|   7|0x00000006c2c00000, 0x00000006c2c00000, 0x00000006c3000000|  0%| F|  |TAMS 0x00000006c2c00000, 0x00000006c2c00000| Untracked 
|   8|0x00000006c3000000, 0x00000006c3000000, 0x00000006c3400000|  0%| F|  |TAMS 0x00000006c3000000, 0x00000006c3000000| Untracked 
|   9|0x00000006c3400000, 0x00000006c3400000, 0x00000006c3800000|  0%| F|  |TAMS 0x00000006c3400000, 0x00000006c3400000| Untracked 
|  10|0x00000006c3800000, 0x00000006c3800000, 0x00000006c3c00000|  0%| F|  |TAMS 0x00000006c3800000, 0x00000006c3800000| Untracked 
|  11|0x00000006c3c00000, 0x00000006c3c00000, 0x00000006c4000000|  0%| F|  |TAMS 0x00000006c3c00000, 0x00000006c3c00000| Untracked 
|  12|0x00000006c4000000, 0x00000006c4000000, 0x00000006c4400000|  0%| F|  |TAMS 0x00000006c4000000, 0x00000006c4000000| Untracked 
|  13|0x00000006c4400000, 0x00000006c4400000, 0x00000006c4800000|  0%| F|  |TAMS 0x00000006c4400000, 0x00000006c4400000| Untracked 
|  14|0x00000006c4800000, 0x00000006c4800000, 0x00000006c4c00000|  0%| F|  |TAMS 0x00000006c4800000, 0x00000006c4800000| Untracked 
|  15|0x00000006c4c00000, 0x00000006c4c00000, 0x00000006c5000000|  0%| F|  |TAMS 0x00000006c4c00000, 0x00000006c4c00000| Untracked 
|  16|0x00000006c5000000, 0x00000006c5000000, 0x00000006c5400000|  0%| F|  |TAMS 0x00000006c5000000, 0x00000006c5000000| Untracked 
|  17|0x00000006c5400000, 0x00000006c5400000, 0x00000006c5800000|  0%| F|  |TAMS 0x00000006c5400000, 0x00000006c5400000| Untracked 
|  18|0x00000006c5800000, 0x00000006c5800000, 0x00000006c5c00000|  0%| F|  |TAMS 0x00000006c5800000, 0x00000006c5800000| Untracked 
|  19|0x00000006c5c00000, 0x00000006c5c00000, 0x00000006c6000000|  0%| F|  |TAMS 0x00000006c5c00000, 0x00000006c5c00000| Untracked 
|  20|0x00000006c6000000, 0x00000006c6000000, 0x00000006c6400000|  0%| F|  |TAMS 0x00000006c6000000, 0x00000006c6000000| Untracked 
|  21|0x00000006c6400000, 0x00000006c6400000, 0x00000006c6800000|  0%| F|  |TAMS 0x00000006c6400000, 0x00000006c6400000| Untracked 
|  22|0x00000006c6800000, 0x00000006c6800000, 0x00000006c6c00000|  0%| F|  |TAMS 0x00000006c6800000, 0x00000006c6800000| Untracked 
|  23|0x00000006c6c00000, 0x00000006c6c00000, 0x00000006c7000000|  0%| F|  |TAMS 0x00000006c6c00000, 0x00000006c6c00000| Untracked 
|  24|0x00000006c7000000, 0x00000006c7000000, 0x00000006c7400000|  0%| F|  |TAMS 0x00000006c7000000, 0x00000006c7000000| Untracked 
|  25|0x00000006c7400000, 0x00000006c7400000, 0x00000006c7800000|  0%| F|  |TAMS 0x00000006c7400000, 0x00000006c7400000| Untracked 
|  26|0x00000006c7800000, 0x00000006c7800000, 0x00000006c7c00000|  0%| F|  |TAMS 0x00000006c7800000, 0x00000006c7800000| Untracked 
|  27|0x00000006c7c00000, 0x00000006c7c00000, 0x00000006c8000000|  0%| F|  |TAMS 0x00000006c7c00000, 0x00000006c7c00000| Untracked 
|  28|0x00000006c8000000, 0x00000006c8000000, 0x00000006c8400000|  0%| F|  |TAMS 0x00000006c8000000, 0x00000006c8000000| Untracked 
|  29|0x00000006c8400000, 0x00000006c8400000, 0x00000006c8800000|  0%| F|  |TAMS 0x00000006c8400000, 0x00000006c8400000| Untracked 
|  30|0x00000006c8800000, 0x00000006c8800000, 0x00000006c8c00000|  0%| F|  |TAMS 0x00000006c8800000, 0x00000006c8800000| Untracked 
|  31|0x00000006c8c00000, 0x00000006c8c00000, 0x00000006c9000000|  0%| F|  |TAMS 0x00000006c8c00000, 0x00000006c8c00000| Untracked 
|  32|0x00000006c9000000, 0x00000006c9000000, 0x00000006c9400000|  0%| F|  |TAMS 0x00000006c9000000, 0x00000006c9000000| Untracked 
|  33|0x00000006c9400000, 0x00000006c9400000, 0x00000006c9800000|  0%| F|  |TAMS 0x00000006c9400000, 0x00000006c9400000| Untracked 
|  34|0x00000006c9800000, 0x00000006c9800000, 0x00000006c9c00000|  0%| F|  |TAMS 0x00000006c9800000, 0x00000006c9800000| Untracked 
|  35|0x00000006c9c00000, 0x00000006c9c00000, 0x00000006ca000000|  0%| F|  |TAMS 0x00000006c9c00000, 0x00000006c9c00000| Untracked 
|  36|0x00000006ca000000, 0x00000006ca000000, 0x00000006ca400000|  0%| F|  |TAMS 0x00000006ca000000, 0x00000006ca000000| Untracked 
|  37|0x00000006ca400000, 0x00000006ca400000, 0x00000006ca800000|  0%| F|  |TAMS 0x00000006ca400000, 0x00000006ca400000| Untracked 
|  38|0x00000006ca800000, 0x00000006ca800000, 0x00000006cac00000|  0%| F|  |TAMS 0x00000006ca800000, 0x00000006ca800000| Untracked 
|  39|0x00000006cac00000, 0x00000006cac00000, 0x00000006cb000000|  0%| F|  |TAMS 0x00000006cac00000, 0x00000006cac00000| Untracked 
|  40|0x00000006cb000000, 0x00000006cb000000, 0x00000006cb400000|  0%| F|  |TAMS 0x00000006cb000000, 0x00000006cb000000| Untracked 
|  41|0x00000006cb400000, 0x00000006cb400000, 0x00000006cb800000|  0%| F|  |TAMS 0x00000006cb400000, 0x00000006cb400000| Untracked 
|  42|0x00000006cb800000, 0x00000006cb800000, 0x00000006cbc00000|  0%| F|  |TAMS 0x00000006cb800000, 0x00000006cb800000| Untracked 
|  43|0x00000006cbc00000, 0x00000006cbc00000, 0x00000006cc000000|  0%| F|  |TAMS 0x00000006cbc00000, 0x00000006cbc00000| Untracked 
|  44|0x00000006cc000000, 0x00000006cc000000, 0x00000006cc400000|  0%| F|  |TAMS 0x00000006cc000000, 0x00000006cc000000| Untracked 
|  45|0x00000006cc400000, 0x00000006cc400000, 0x00000006cc800000|  0%| F|  |TAMS 0x00000006cc400000, 0x00000006cc400000| Untracked 
|  46|0x00000006cc800000, 0x00000006cc800000, 0x00000006ccc00000|  0%| F|  |TAMS 0x00000006cc800000, 0x00000006cc800000| Untracked 
|  47|0x00000006ccc00000, 0x00000006ccc00000, 0x00000006cd000000|  0%| F|  |TAMS 0x00000006ccc00000, 0x00000006ccc00000| Untracked 
|  48|0x00000006cd000000, 0x00000006cd000000, 0x00000006cd400000|  0%| F|  |TAMS 0x00000006cd000000, 0x00000006cd000000| Untracked 
|  49|0x00000006cd400000, 0x00000006cd400000, 0x00000006cd800000|  0%| F|  |TAMS 0x00000006cd400000, 0x00000006cd400000| Untracked 
|  50|0x00000006cd800000, 0x00000006cd800000, 0x00000006cdc00000|  0%| F|  |TAMS 0x00000006cd800000, 0x00000006cd800000| Untracked 
|  51|0x00000006cdc00000, 0x00000006cdc00000, 0x00000006ce000000|  0%| F|  |TAMS 0x00000006cdc00000, 0x00000006cdc00000| Untracked 
|  52|0x00000006ce000000, 0x00000006ce000000, 0x00000006ce400000|  0%| F|  |TAMS 0x00000006ce000000, 0x00000006ce000000| Untracked 
|  53|0x00000006ce400000, 0x00000006ce400000, 0x00000006ce800000|  0%| F|  |TAMS 0x00000006ce400000, 0x00000006ce400000| Untracked 
|  54|0x00000006ce800000, 0x00000006ce800000, 0x00000006cec00000|  0%| F|  |TAMS 0x00000006ce800000, 0x00000006ce800000| Untracked 
|  55|0x00000006cec00000, 0x00000006cec00000, 0x00000006cf000000|  0%| F|  |TAMS 0x00000006cec00000, 0x00000006cec00000| Untracked 
|  56|0x00000006cf000000, 0x00000006cf000000, 0x00000006cf400000|  0%| F|  |TAMS 0x00000006cf000000, 0x00000006cf000000| Untracked 
|  57|0x00000006cf400000, 0x00000006cf400000, 0x00000006cf800000|  0%| F|  |TAMS 0x00000006cf400000, 0x00000006cf400000| Untracked 
|  58|0x00000006cf800000, 0x00000006cf800000, 0x00000006cfc00000|  0%| F|  |TAMS 0x00000006cf800000, 0x00000006cf800000| Untracked 
|  59|0x00000006cfc00000, 0x00000006cfc00000, 0x00000006d0000000|  0%| F|  |TAMS 0x00000006cfc00000, 0x00000006cfc00000| Untracked 
|  60|0x00000006d0000000, 0x00000006d0000000, 0x00000006d0400000|  0%| F|  |TAMS 0x00000006d0000000, 0x00000006d0000000| Untracked 
|  61|0x00000006d0400000, 0x00000006d0400000, 0x00000006d0800000|  0%| F|  |TAMS 0x00000006d0400000, 0x00000006d0400000| Untracked 
|  62|0x00000006d0800000, 0x00000006d0800000, 0x00000006d0c00000|  0%| F|  |TAMS 0x00000006d0800000, 0x00000006d0800000| Untracked 
|  63|0x00000006d0c00000, 0x00000006d0c00000, 0x00000006d1000000|  0%| F|  |TAMS 0x00000006d0c00000, 0x00000006d0c00000| Untracked 
|  64|0x00000006d1000000, 0x00000006d1000000, 0x00000006d1400000|  0%| F|  |TAMS 0x00000006d1000000, 0x00000006d1000000| Untracked 
|  65|0x00000006d1400000, 0x00000006d1400000, 0x00000006d1800000|  0%| F|  |TAMS 0x00000006d1400000, 0x00000006d1400000| Untracked 
|  66|0x00000006d1800000, 0x00000006d1800000, 0x00000006d1c00000|  0%| F|  |TAMS 0x00000006d1800000, 0x00000006d1800000| Untracked 
|  67|0x00000006d1c00000, 0x00000006d1c00000, 0x00000006d2000000|  0%| F|  |TAMS 0x00000006d1c00000, 0x00000006d1c00000| Untracked 
|  68|0x00000006d2000000, 0x00000006d2000000, 0x00000006d2400000|  0%| F|  |TAMS 0x00000006d2000000, 0x00000006d2000000| Untracked 
|  69|0x00000006d2400000, 0x00000006d2400000, 0x00000006d2800000|  0%| F|  |TAMS 0x00000006d2400000, 0x00000006d2400000| Untracked 
|  70|0x00000006d2800000, 0x00000006d2800000, 0x00000006d2c00000|  0%| F|  |TAMS 0x00000006d2800000, 0x00000006d2800000| Untracked 
|  71|0x00000006d2c00000, 0x00000006d2c00000, 0x00000006d3000000|  0%| F|  |TAMS 0x00000006d2c00000, 0x00000006d2c00000| Untracked 
|  72|0x00000006d3000000, 0x00000006d3000000, 0x00000006d3400000|  0%| F|  |TAMS 0x00000006d3000000, 0x00000006d3000000| Untracked 
|  73|0x00000006d3400000, 0x00000006d3400000, 0x00000006d3800000|  0%| F|  |TAMS 0x00000006d3400000, 0x00000006d3400000| Untracked 
|  74|0x00000006d3800000, 0x00000006d3800000, 0x00000006d3c00000|  0%| F|  |TAMS 0x00000006d3800000, 0x00000006d3800000| Untracked 
|  75|0x00000006d3c00000, 0x00000006d3c00000, 0x00000006d4000000|  0%| F|  |TAMS 0x00000006d3c00000, 0x00000006d3c00000| Untracked 
|  76|0x00000006d4000000, 0x00000006d4000000, 0x00000006d4400000|  0%| F|  |TAMS 0x00000006d4000000, 0x00000006d4000000| Untracked 
|  77|0x00000006d4400000, 0x00000006d4400000, 0x00000006d4800000|  0%| F|  |TAMS 0x00000006d4400000, 0x00000006d4400000| Untracked 
|  78|0x00000006d4800000, 0x00000006d4a9c718, 0x00000006d4c00000| 65%| E|  |TAMS 0x00000006d4800000, 0x00000006d4800000| Complete 
|  79|0x00000006d4c00000, 0x00000006d5000000, 0x00000006d5000000|100%| E|CS|TAMS 0x00000006d4c00000, 0x00000006d4c00000| Complete 

Card table byte_map: [0x000001941dd00000,0x000001941e700000] _byte_map_base: 0x000001941a6f8000

Marking Bits (Prev, Next): (CMBitMap*) 0x0000019404697cc0, (CMBitMap*) 0x0000019404697d00
 Prev Bits: [0x000001941f100000, 0x00000194240c0000)
 Next Bits: [0x00000194240c0000, 0x0000019429080000)

Polling page: 0x0000019404710000

Metaspace:

Usage:
  Non-class:      1.24 MB used.
      Class:    115.92 KB used.
       Both:      1.35 MB used.

Virtual space:
  Non-class space:        8.00 MB reserved,       1.25 MB ( 16%) committed,  1 nodes.
      Class space:        1.00 GB reserved,     192.00 KB ( <1%) committed,  1 nodes.
             Both:        1.01 GB reserved,       1.44 MB ( <1%) committed. 

Chunk freelists:
   Non-Class:  3.81 MB
       Class:  3.72 MB
        Both:  7.53 MB

MaxMetaspaceSize: unlimited
CompressedClassSpaceSize: 1.00 GB
Initial GC threshold: 21.00 MB
Current GC threshold: 21.00 MB
CDS: on
MetaspaceReclaimPolicy: balanced
 - commit_granule_bytes: 65536.
 - commit_granule_words: 8192.
 - virtual_space_node_default_size: 1048576.
 - enlarge_chunks_in_place: 1.
 - new_chunks_are_fully_committed: 0.
 - uncommit_free_chunks: 1.
 - use_allocation_guard: 0.
 - handle_deallocations: 1.


Internal statistics:

num_allocs_failed_limit: 0.
num_arena_births: 18.
num_arena_deaths: 0.
num_vsnodes_births: 2.
num_vsnodes_deaths: 0.
num_space_committed: 23.
num_space_uncommitted: 0.
num_chunks_returned_to_freelist: 0.
num_chunks_taken_from_freelist: 38.
num_chunk_merges: 0.
num_chunk_splits: 18.
num_chunks_enlarged: 8.
num_purges: 0.
num_inconsistent_stats: 0.

CodeHeap 'non-profiled nmethods': size=120000Kb used=135Kb max_used=135Kb free=119864Kb
 bounds [0x0000019415130000, 0x00000194153a0000, 0x000001941c660000]
CodeHeap 'profiled nmethods': size=120000Kb used=552Kb max_used=552Kb free=119447Kb
 bounds [0x000001940dc00000, 0x000001940de70000, 0x0000019415130000]
CodeHeap 'non-nmethods': size=5760Kb used=1124Kb max_used=1147Kb free=4635Kb
 bounds [0x000001940d660000, 0x000001940d8d0000, 0x000001940dc00000]
 total_blobs=817 nmethods=410 adapters=320
 compilation: enabled
              stopped_count=0, restarted_count=0
 full_count=0

Compilation events (20 events):
Event: 0.218 Thread 0x000001942bd50030 nmethod 391 0x000001940dc82390 code [0x000001940dc82640, 0x000001940dc831c8]
Event: 0.218 Thread 0x000001942bd50030  392       1       java.security.ProtectionDomain::getCodeSource (5 bytes)
Event: 0.218 Thread 0x000001942bd50030 nmethod 392 0x0000019415150a90 code [0x0000019415150c20, 0x0000019415150cf8]
Event: 0.218 Thread 0x000001942bd50030  397       1       sun.invoke.util.Wrapper::basicTypeChar (5 bytes)
Event: 0.218 Thread 0x000001942bd50030 nmethod 397 0x0000019415150d90 code [0x0000019415150f20, 0x0000019415150ff8]
Event: 0.219 Thread 0x000001942bd50030  398       3       java.lang.String::<init> (74 bytes)
Event: 0.220 Thread 0x000001942bd50030 nmethod 398 0x000001940dc83610 code [0x000001940dc837e0, 0x000001940dc83c18]
Event: 0.220 Thread 0x000001942bd50030  399       3       java.lang.String::<init> (14 bytes)
Event: 0.220 Thread 0x000001942bd50030 nmethod 399 0x000001940dc83d10 code [0x000001940dc83ec0, 0x000001940dc840d8]
Event: 0.220 Thread 0x000001942bd50030  400       3       java.lang.StringUTF16::compress (20 bytes)
Event: 0.220 Thread 0x000001942bd50030 nmethod 400 0x000001940dc84210 code [0x000001940dc843c0, 0x000001940dc84608]
Event: 0.220 Thread 0x000001942bd50030  401 %     3       java.util.Properties$LineReader::readLine @ 53 (584 bytes)
Event: 0.222 Thread 0x000001942bd50030 nmethod 401% 0x000001940dc84710 code [0x000001940dc84b00, 0x000001940dc87b38]
Event: 0.222 Thread 0x000001942bd50030  407       3       java.util.Arrays::equals (57 bytes)
Event: 0.222 Thread 0x000001942bd50030 nmethod 407 0x000001940dc88990 code [0x000001940dc88b80, 0x000001940dc89168]
Event: 0.222 Thread 0x000001942bd50030  404       3       java.lang.invoke.LambdaForm::argument (27 bytes)
Event: 0.223 Thread 0x000001942bd50030 nmethod 404 0x000001940dc89310 code [0x000001940dc894c0, 0x000001940dc89728]
Event: 0.223 Thread 0x000001942bd50030  403       3       java.lang.invoke.LambdaForm$BasicType::basicType (19 bytes)
Event: 0.223 Thread 0x000001942bd50030 nmethod 403 0x000001940dc89890 code [0x000001940dc89a60, 0x000001940dc89cb8]
Event: 0.223 Thread 0x000001942bd50030  410       3       java.lang.invoke.MemberName::getReferenceKind (12 bytes)

GC Heap History (0 events):
No events

Deoptimization events (6 events):
Event: 0.124 Thread 0x00000194046433b0 Uncommon trap: trap_request=0xffffff45 fr.pc=0x00000194151315f8 relative=0x0000000000000078
Event: 0.124 Thread 0x00000194046433b0 Uncommon trap: reason=unstable_if action=reinterpret pc=0x00000194151315f8 method=java.lang.String.isLatin1()Z @ 10 c2
Event: 0.124 Thread 0x00000194046433b0 DEOPT PACKING pc=0x00000194151315f8 sp=0x00000084dc5fe820
Event: 0.124 Thread 0x00000194046433b0 DEOPT UNPACKING pc=0x000001940d6b23a3 sp=0x00000084dc5fe760 mode 2
Event: 0.151 Thread 0x00000194046433b0 DEOPT PACKING pc=0x000001940dc098e7 sp=0x00000084dc5fa900
Event: 0.151 Thread 0x00000194046433b0 DEOPT UNPACKING pc=0x000001940d6b2b43 sp=0x00000084dc5f9d20 mode 0

Classes unloaded (0 events):
No events

Classes redefined (0 events):
No events

Internal exceptions (4 events):
Event: 0.147 Thread 0x000001942ca35400 Exception <a 'java/lang/NoSuchMethodError'{0x00000006d4e6b298}: 'java.lang.Object java.lang.invoke.DirectMethodHandle$Holder.invokeStaticInit(java.lang.Object)'> (0x00000006d4e6b298) 
thrown [t:\workspace\open\src\hotspot\share\interpreter\linkResolver.cpp, line 766]
Event: 0.152 Thread 0x000001942ca35400 Exception <a 'java/lang/NoSuchMethodError'{0x00000006d4e79138}: 'void java.lang.invoke.DirectMethodHandle$Holder.invokeStatic(java.lang.Object, java.lang.Object)'> (0x00000006d4e79138) 
thrown [t:\workspace\open\src\hotspot\share\interpreter\linkResolver.cpp, line 766]
Event: 0.198 Thread 0x00000194046433b0 Exception <a 'java/lang/NoSuchMethodError'{0x00000006d49b4a08}: 'java.lang.Object java.lang.invoke.DirectMethodHandle$Holder.invokeStaticInit(java.lang.Object, int)'> (0x00000006d49b4a08) 
thrown [t:\workspace\open\src\hotspot\share\interpreter\linkResolver.cpp, line 766]
Event: 0.211 Thread 0x00000194046433b0 Exception <a 'java/lang/NoSuchMethodError'{0x00000006d49f9090}: 'java.lang.Object java.lang.invoke.DirectMethodHandle$Holder.invokeInterface(java.lang.Object, java.lang.Object)'> (0x00000006d49f9090) 
thrown [t:\workspace\open\src\hotspot\share\interpreter\linkResolver.cpp, line 766]

VM Operations (6 events):
Event: 0.110 Executing VM operation: HandshakeAllThreads
Event: 0.110 Executing VM operation: HandshakeAllThreads done
Event: 0.146 Executing VM operation: HandshakeAllThreads
Event: 0.146 Executing VM operation: HandshakeAllThreads done
Event: 0.194 Executing VM operation: HandshakeAllThreads
Event: 0.194 Executing VM operation: HandshakeAllThreads done

Events (20 events):
Event: 0.208 loading class java/io/ObjectOutputStream
Event: 0.208 loading class java/io/ObjectOutput
Event: 0.208 loading class java/io/ObjectOutput done
Event: 0.208 loading class java/io/ObjectStreamConstants
Event: 0.208 loading class java/io/ObjectStreamConstants done
Event: 0.208 loading class java/io/ObjectOutputStream done
Event: 0.208 loading class java/io/ObjectInputStream
Event: 0.209 loading class java/io/ObjectInput
Event: 0.209 loading class java/io/ObjectInput done
Event: 0.209 loading class java/io/ObjectInputStream done
Event: 0.210 loading class java/lang/InterruptedException
Event: 0.210 loading class java/lang/InterruptedException done
Event: 0.210 loading class java/lang/CloneNotSupportedException
Event: 0.210 loading class java/lang/CloneNotSupportedException done
Event: 0.210 loading class java/io/ObjectStreamClass$FieldReflectorKey
Event: 0.210 loading class java/io/ObjectStreamClass$FieldReflectorKey done
Event: 0.210 loading class java/io/ObjectStreamClass$FieldReflector
Event: 0.210 loading class java/io/ObjectStreamClass$FieldReflector done
Event: 0.213 loading class java/io/StringWriter
Event: 0.213 loading class java/io/StringWriter done


Dynamic libraries:
0x00007ff6c3c80000 - 0x00007ff6c3c90000 	C:\Program Files\Java\jdk-17.0.2\bin\java.exe
0x00007ffdb3560000 - 0x00007ffdb3769000 	C:\Windows\SYSTEM32\ntdll.dll
0x00007ffdb1f40000 - 0x00007ffdb1ffd000 	C:\Windows\System32\KERNEL32.DLL
0x00007ffdb1080000 - 0x00007ffdb13f4000 	C:\Windows\System32\KERNELBASE.dll
0x00007ffdb0d50000 - 0x00007ffdb0e61000 	C:\Windows\System32\ucrtbase.dll
0x00007ffdaab70000 - 0x00007ffdaab8a000 	C:\Program Files\Java\jdk-17.0.2\bin\VCRUNTIME140.dll
0x00007ffda38d0000 - 0x00007ffda38e8000 	C:\Program Files\Java\jdk-17.0.2\bin\jli.dll
0x00007ffdb1e70000 - 0x00007ffdb1f1e000 	C:\Windows\System32\ADVAPI32.dll
0x00007ffdb1400000 - 0x00007ffdb14a3000 	C:\Windows\System32\msvcrt.dll
0x00007ffdb17e0000 - 0x00007ffdb187e000 	C:\Windows\System32\sechost.dll
0x00007ffdb20f0000 - 0x00007ffdb2210000 	C:\Windows\System32\RPCRT4.dll
0x00007ffdb2210000 - 0x00007ffdb23bc000 	C:\Windows\System32\USER32.dll
0x00007ffdb1050000 - 0x00007ffdb1076000 	C:\Windows\System32\win32u.dll
0x00007ffd9e490000 - 0x00007ffd9e735000 	C:\Windows\WinSxS\amd64_microsoft.windows.common-controls_6595b64144ccf1df_6.0.22000.120_none_9d947278b86cc467\COMCTL32.dll
0x00007ffdb2c90000 - 0x00007ffdb2cb9000 	C:\Windows\System32\GDI32.dll
0x00007ffdb0c30000 - 0x00007ffdb0d42000 	C:\Windows\System32\gdi32full.dll
0x00007ffdb0ef0000 - 0x00007ffdb0f8d000 	C:\Windows\System32\msvcp_win.dll
0x00007ffda9800000 - 0x00007ffda980a000 	C:\Windows\SYSTEM32\VERSION.dll
0x00007ffdb1540000 - 0x00007ffdb1571000 	C:\Windows\System32\IMM32.DLL
0x00007ffdac930000 - 0x00007ffdac93c000 	C:\Program Files\Java\jdk-17.0.2\bin\vcruntime140_1.dll
0x00007ffd94910000 - 0x00007ffd9499d000 	C:\Program Files\Java\jdk-17.0.2\bin\msvcp140.dll
0x00007ffd82370000 - 0x00007ffd82f31000 	C:\Program Files\Java\jdk-17.0.2\bin\server\jvm.dll
0x00007ffdb3420000 - 0x00007ffdb3428000 	C:\Windows\System32\PSAPI.DLL
0x00007ffd9c1f0000 - 0x00007ffd9c1f9000 	C:\Windows\SYSTEM32\WSOCK32.dll
0x00007ffdaa5f0000 - 0x00007ffdaa623000 	C:\Windows\SYSTEM32\WINMM.dll
0x00007ffdb2f30000 - 0x00007ffdb2f9f000 	C:\Windows\System32\WS2_32.dll
0x00007ffdafc40000 - 0x00007ffdafc58000 	C:\Windows\SYSTEM32\kernel.appcore.dll
0x00007ffdac8e0000 - 0x00007ffdac8ea000 	C:\Program Files\Java\jdk-17.0.2\bin\jimage.dll
0x00007ffda3ff0000 - 0x00007ffda4211000 	C:\Windows\SYSTEM32\DBGHELP.DLL
0x00007ffd9ba50000 - 0x00007ffd9ba81000 	C:\Windows\SYSTEM32\dbgcore.DLL
0x00007ffdb0e70000 - 0x00007ffdb0eef000 	C:\Windows\System32\bcryptPrimitives.dll
0x00007ffda3170000 - 0x00007ffda317e000 	C:\Program Files\Java\jdk-17.0.2\bin\instrument.dll
0x00007ffd97500000 - 0x00007ffd97525000 	C:\Program Files\Java\jdk-17.0.2\bin\java.dll
0x00007ffd94830000 - 0x00007ffd94906000 	C:\Program Files\Java\jdk-17.0.2\bin\jsvml.dll
0x00007ffdb23c0000 - 0x00007ffdb2b6f000 	C:\Windows\System32\SHELL32.dll
0x00007ffdaebd0000 - 0x00007ffdaf438000 	C:\Windows\SYSTEM32\windows.storage.dll
0x00007ffdb1970000 - 0x00007ffdb1ce8000 	C:\Windows\System32\combase.dll
0x00007ffdaea60000 - 0x00007ffdaebc6000 	C:\Windows\SYSTEM32\wintypes.dll
0x00007ffdb1880000 - 0x00007ffdb196a000 	C:\Windows\System32\SHCORE.dll
0x00007ffdb1580000 - 0x00007ffdb15dd000 	C:\Windows\System32\shlwapi.dll
0x00007ffdb0980000 - 0x00007ffdb09a1000 	C:\Windows\SYSTEM32\profapi.dll
0x00007ffd97430000 - 0x00007ffd97448000 	C:\Program Files\Java\jdk-17.0.2\bin\zip.dll
0x00007ffd974a0000 - 0x00007ffd974b9000 	C:\Program Files\Java\jdk-17.0.2\bin\net.dll
0x00007ffda9ce0000 - 0x00007ffda9dec000 	C:\Windows\SYSTEM32\WINHTTP.dll
0x00007ffdb0070000 - 0x00007ffdb00d7000 	C:\Windows\system32\mswsock.dll
0x00007ffd97480000 - 0x00007ffd97496000 	C:\Program Files\Java\jdk-17.0.2\bin\nio.dll
0x00007ffd95180000 - 0x00007ffd9519a000 	C:\Program Files\JetBrains\IntelliJ IDEA Community Edition 2021.3.2\bin\breakgen64.dll

dbghelp: loaded successfully - version: 4.0.5 - missing functions: none
symbol engine: initialized successfully - sym options: 0x614 - pdb path: .;C:\Program Files\Java\jdk-17.0.2\bin;C:\Windows\SYSTEM32;C:\Windows\WinSxS\amd64_microsoft.windows.common-controls_6595b64144ccf1df_6.0.22000.120_none_9d947278b86cc467;C:\Program Files\Java\jdk-17.0.2\bin\server;C:\Program Files\JetBrains\IntelliJ IDEA Community Edition 2021.3.2\bin

VM Arguments:
jvm_args: -ea -Didea.test.cyclic.buffer.size=1048576 -javaagent:C:\Program Files\JetBrains\IntelliJ IDEA Community Edition 2021.3.2\lib\idea_rt.jar=57243:C:\Program Files\JetBrains\IntelliJ IDEA Community Edition 2021.3.2\bin -Dfile.encoding=UTF-8 
java_command: com.intellij.rt.junit.JUnitStarter -ideVersion5 -junit5 com.alf.webshop.webshop.controller.CartControllerTest,deleteItemFromCartTest
java_class_path (initial): C:\Users\nagym\.m2\repository\org\junit\platform\junit-platform-launcher\1.8.2\junit-platform-launcher-1.8.2.jar;C:\Users\nagym\.m2\repository\org\junit\vintage\junit-vintage-engine\5.8.2\junit-vintage-engine-5.8.2.jar;C:\Program Files\JetBrains\IntelliJ IDEA Community Edition 2021.3.2\lib\idea_rt.jar;C:\Program Files\JetBrains\IntelliJ IDEA Community Edition 2021.3.2\plugins\junit\lib\junit5-rt.jar;C:\Program Files\JetBrains\IntelliJ IDEA Community Edition 2021.3.2\plugins\junit\lib\junit-rt.jar;E:\Fontos\BME\8\alkfejl\qts\alf2022t-qts\target\test-classes;E:\Fontos\BME\8\alkfejl\qts\alf2022t-qts\target\classes;C:\Users\nagym\.m2\repository\org\springframework\boot\spring-boot-starter-security\2.6.4\spring-boot-starter-security-2.6.4.jar;C:\Users\nagym\.m2\repository\org\springframework\boot\spring-boot-starter\2.6.4\spring-boot-starter-2.6.4.jar;C:\Users\nagym\.m2\repository\org\springframework\boot\spring-boot-starter-logging\2.6.4\spring-boot-starter-logging-2.6.4.jar;C:\Users\nagym\.m2\repository\ch\qos\logback\logback-classic\1.2.10\logback-classic-1.2.10.jar;C:\Users\nagym\.m2\repository\ch\qos\logback\logback-core\1.2.10\logback-core-1.2.10.jar;C:\Users\nagym\.m2\repository\org\apache\logging\log4j\log4j-to-slf4j\2.17.1\log4j-to-slf4j-2.17.1.jar;C:\Users\nagym\.m2\repository\org\apache\logging\log4j\log4j-api\2.17.1\log4j-api-2.17.1.jar;C:\Users\nagym\.m2\repository\org\slf4j\jul-to-slf4j\1.7.36\jul-to-slf4j-1.7.36.jar;C:\Users\nagym\.m2\repository\jakarta\annotation\jakarta.annotation-api\1.3.5\jakarta.annotation-api-1.3.5.jar;C:\Users\nagym\.m2\repository\org\yaml\snakeyaml\1.29\snakeyaml-1.29.jar;C:\Users\nagym\.m2\repository\org\springframework\spring-aop\5.3.16\spring-aop-5.3.16.jar;C:\Users\nagym\.m2\repository\org\springframework\spring-beans\5.3.16\spring-beans-5.3.16.jar;C:\Users\nagym\.m2\repository\org\springframework\security\spring-security-config\5.6.2\spring-security-config-5.6.2.jar;C:\Users\nagym\.m2\repository\or
Launcher Type: SUN_STANDARD

[Global flags]
     intx CICompilerCount                          = 4                                         {product} {ergonomic}
     uint ConcGCThreads                            = 3                                         {product} {ergonomic}
     uint G1ConcRefinementThreads                  = 10                                        {product} {ergonomic}
   size_t G1HeapRegionSize                         = 4194304                                   {product} {ergonomic}
    uintx GCDrainStackTargetSize                   = 64                                        {product} {ergonomic}
   size_t InitialHeapSize                          = 335544320                                 {product} {ergonomic}
   size_t MarkStackSize                            = 4194304                                   {product} {ergonomic}
   size_t MaxHeapSize                              = 5351931904                                {product} {ergonomic}
   size_t MaxNewSize                               = 3208642560                                {product} {ergonomic}
   size_t MinHeapDeltaBytes                        = 4194304                                   {product} {ergonomic}
   size_t MinHeapSize                              = 8388608                                   {product} {ergonomic}
    uintx NonNMethodCodeHeapSize                   = 5839372                                {pd product} {ergonomic}
    uintx NonProfiledCodeHeapSize                  = 122909434                              {pd product} {ergonomic}
    uintx ProfiledCodeHeapSize                     = 122909434                              {pd product} {ergonomic}
    uintx ReservedCodeCacheSize                    = 251658240                              {pd product} {ergonomic}
     bool SegmentedCodeCache                       = true                                      {product} {ergonomic}
   size_t SoftMaxHeapSize                          = 5351931904                             {manageable} {ergonomic}
     bool UseCompressedClassPointers               = true                           {product lp64_product} {ergonomic}
     bool UseCompressedOops                        = true                           {product lp64_product} {ergonomic}
     bool UseG1GC                                  = true                                      {product} {ergonomic}
     bool UseLargePagesIndividualAllocation        = false                                  {pd product} {ergonomic}

Logging:
Log output configuration:
 #0: stdout all=warning uptime,level,tags
 #1: stderr all=off uptime,level,tags

Environment Variables:
PATH=C:\Program Files\Common Files\Oracle\Java\javapath;C:\Program Files\Python39\Scripts\;C:\Program Files\Python39\;C:\Windows\system32;C:\Windows;C:\Windows\System32\Wbem;C:\Windows\System32\WindowsPowerShell\v1.0\;C:\Windows\System32\OpenSSH\;C:\Program Files\NVIDIA Corporation\NVIDIA NvDLISR;C:\Program Files (x86)\NVIDIA Corporation\PhysX\Common;C:\Program Files\Microsoft SQL Server\150\Tools\Binn\;C:\Program Files\Microsoft SQL Server\Client SDK\ODBC\170\Tools\Binn\;C:\Program Files\dotnet\;C:\Program Files\nodejs\;C:\Program Files\Git\cmd;C:\Users\nagym\flutter\bin;C:\Windows\System32\WindowsPowerShell\v1.0\;C:\ProgramData\chocolatey\bin;C:\Users\nagym\AppData\Local\Microsoft\WindowsApps;C:\Users\nagym\AppData\Local\Programs\Microsoft VS Code\bin;C:\Users\nagym\.dotnet\tools;C:\Users\nagym\flutter\bin;C:\Users\nagym\AppData\Roaming\npm;C:\Users\nagym\AppData\Local\GitHubDesktop\bin;C:\tools\dart-sdk\bin;C:\Users\nagym\AppData\Roaming\Pub\Cache\bin
USERNAME=nagym
OS=Windows_NT
PROCESSOR_IDENTIFIER=AMD64 Family 23 Model 8 Stepping 2, AuthenticAMD



---------------  S Y S T E M  ---------------

OS:
 Windows 11 , 64 bit Build 22000 (10.0.22000.613)
OS uptime: 6 days 18:35 hours

CPU: total 12 (initial active 12) (12 cores per cpu, 2 threads per core) family 23 model 8 stepping 2 microcode 0x0, cx8, cmov, fxsr, ht, mmx, 3dnowpref, sse, sse2, sse3, ssse3, sse4a, sse4.1, sse4.2, popcnt, lzcnt, tsc, tscinvbit, avx, avx2, aes, clmul, bmi1, bmi2, adx, sha, fma, vzeroupper, clflush, clflushopt

Memory: 4k page, system-wide physical 20412M (1713M free)
TotalPageFile size 79941M (AvailPageFile size 288M)
current process WorkingSet (physical memory assigned to process): 42M, peak: 42M
current process commit charge ("private bytes"): 418M, peak: 418M

vm_info: Java HotSpot(TM) 64-Bit Server VM (17.0.2+8-LTS-86) for windows-amd64 JRE (17.0.2+8-LTS-86), built on Dec  7 2021 21:51:03 by "mach5one" with MS VC++ 16.8 / 16.9 (VS2019)

END.
